=== USERS TABLE SCHEMA ===
  id: int(11) (Null: NO, Default: None)
  full_name: varchar(100) (Null: NO, Default: None)
  email: varchar(150) (Null: NO, Default: None)
  phone: varchar(15) (Null: YES, Default: None)
  password_hash: varchar(255) (Null: NO, Default: None)
  role: enum('student','faculty','admin') (Null: YES, Default: student)
  created_at: timestamp (Null: NO, Default: current_timestamp())
  school_name: varchar(200) (Null: YES, Default: None)
  grade: varchar(10) (Null: YES, Default: None)
  subject_expertise: varchar(100) (Null: YES, Default: None)
  experience: varchar(50) (Null: YES, Default: None)
  total_xp: int(11) (Null: YES, Default: 0)
  perfect_quizzes: int(11) (Null: YES, Default: 0)
  high_accuracy_quizzes: int(11) (Null: YES, Default: 0)
  total_study_time: int(11) (Null: YES, Default: 0)

=== QUIZ_PROGRESS TABLE SCHEMA ===
  id: int(11) (Null: NO, Default: None)
  user_id: int(11) (Null: NO, Default: None)
  grade: varchar(10) (Null: YES, Default: None)
  subject: varchar(100) (Null: YES, Default: None)
  chapter: varchar(200) (Null: YES, Default: None)
  score: int(11) (Null: YES, Default: None)
  xp: int(11) (Null: YES, Default: None)
  badge: varchar(50) (Null: YES, Default: None)
  created_at: datetime (Null: YES, Default: None)

=== QUIZ_PROGRESS ROW COUNT: 3 ===

=== USER PROGRESS DATA ===
  ID=3, Name=Sandeep, Role=student, XP=80, Perfect=0, HighAcc=1, StudyTime=0
  ID=10, Name=samy, Role=faculty, XP=0, Perfect=0, HighAcc=0, StudyTime=0
  ID=12, Name=sandeep, Role=student, XP=90, Perfect=0, HighAcc=0, StudyTime=0
  ID=13, Name=sand, Role=student, XP=40, Perfect=0, HighAcc=0, StudyTime=0
  ID=14, Name=sjk, Role=faculty, XP=0, Perfect=0, HighAcc=0, StudyTime=0
  ID=16, Name=sandeep, Role=student, XP=0, Perfect=0, HighAcc=0, StudyTime=0
  ID=17, Name=Test User, Role=student, XP=0, Perfect=0, HighAcc=0, StudyTime=0
  ID=18, Name=madhav, Role=student, XP=0, Perfect=0, HighAcc=0, StudyTime=0
  ID=19, Name=pavan, Role=student, XP=0, Perfect=0, HighAcc=0, StudyTime=0
  ID=20, Name=babu, Role=student, XP=100, Perfect=0, HighAcc=0, StudyTime=0
